<?xml version="1.0" encoding="UTF-8"?>
<testsuite xmlns:xsi="http://www.w3.org/2001/XMLSchema-instance" xsi:noNamespaceSchemaLocation="https://maven.apache.org/surefire/maven-surefire-plugin/xsd/surefire-test-report-3.0.xsd" version="3.0" name="testnumeros23.Numeros23Test" time="0.21" tests="4" errors="0" skipped="0" failures="0">
  <properties>
    <property name="java.specification.version" value="21"/>
    <property name="sun.jnu.encoding" value="UTF-8"/>
    <property name="java.class.path" value="/snap/netbeans/134/netbeans/java/maven/boot/plexus-classworlds-2.9.0.jar"/>
    <property name="java.vm.vendor" value="Oracle Corporation"/>
    <property name="sun.arch.data.model" value="64"/>
    <property name="java.vendor.url" value="https://java.oracle.com/"/>
    <property name="user.timezone" value="America/Merida"/>
    <property name="maven.conf" value="/snap/netbeans/134/netbeans/java/maven/conf"/>
    <property name="java.vm.specification.version" value="21"/>
    <property name="os.name" value="Linux"/>
    <property name="sun.java.launcher" value="SUN_STANDARD"/>
    <property name="user.country" value="ES"/>
    <property name="sun.boot.library.path" value="/usr/lib/jvm/jdk-21.0.8-oracle-x64/lib"/>
    <property name="sun.java.command" value="org.codehaus.plexus.classworlds.launcher.Launcher -Dmaven.ext.class.path=/snap/netbeans/134/netbeans/java/maven-nblib/netbeans-eventspy.jar --no-transfer-progress test"/>
    <property name="jdk.debug" value="release"/>
    <property name="maven.home" value="/snap/netbeans/134/netbeans/java/maven"/>
    <property name="surefire.test.class.path" value="/home/alex/NetBeansProjects/Numeros23/target/test-classes:/home/alex/NetBeansProjects/Numeros23/target/classes:/home/alex/.m2/repository/org/junit/jupiter/junit-jupiter-api/5.10.0/junit-jupiter-api-5.10.0.jar:/home/alex/.m2/repository/org/opentest4j/opentest4j/1.3.0/opentest4j-1.3.0.jar:/home/alex/.m2/repository/org/junit/platform/junit-platform-commons/1.10.0/junit-platform-commons-1.10.0.jar:/home/alex/.m2/repository/org/apiguardian/apiguardian-api/1.1.2/apiguardian-api-1.1.2.jar:/home/alex/.m2/repository/org/junit/jupiter/junit-jupiter-engine/5.10.0/junit-jupiter-engine-5.10.0.jar:/home/alex/.m2/repository/org/junit/platform/junit-platform-engine/1.10.0/junit-platform-engine-1.10.0.jar:"/>
    <property name="sun.cpu.endian" value="little"/>
    <property name="user.home" value="/home/alex"/>
    <property name="user.language" value="es"/>
    <property name="java.specification.vendor" value="Oracle Corporation"/>
    <property name="java.version.date" value="2025-07-15"/>
    <property name="java.home" value="/usr/lib/jvm/jdk-21.0.8-oracle-x64"/>
    <property name="file.separator" value="/"/>
    <property name="basedir" value="/home/alex/NetBeansProjects/Numeros23"/>
    <property name="java.vm.compressedOopsMode" value="Zero based"/>
    <property name="line.separator" value="&#10;"/>
    <property name="java.vm.specification.vendor" value="Oracle Corporation"/>
    <property name="java.specification.name" value="Java Platform API Specification"/>
    <property name="sun.management.compiler" value="HotSpot 64-Bit Tiered Compilers"/>
    <property name="java.runtime.version" value="21.0.8+12-LTS-250"/>
    <property name="user.name" value="alex"/>
    <property name="stdout.encoding" value="UTF-8"/>
    <property name="path.separator" value=":"/>
    <property name="os.version" value="6.14.0-33-generic"/>
    <property name="java.runtime.name" value="Java(TM) SE Runtime Environment"/>
    <property name="file.encoding" value="UTF-8"/>
    <property name="guice.disable.misplaced.annotation.check" value="true"/>
    <property name="java.vm.name" value="Java HotSpot(TM) 64-Bit Server VM"/>
    <property name="maven.ext.class.path" value="/snap/netbeans/134/netbeans/java/maven-nblib/netbeans-eventspy.jar"/>
    <property name="localRepository" value="/home/alex/.m2/repository"/>
    <property name="java.vendor.url.bug" value="https://bugreport.java.com/bugreport/"/>
    <property name="java.io.tmpdir" value="/tmp"/>
    <property name="java.version" value="21.0.8"/>
    <property name="user.dir" value="/home/alex/NetBeansProjects/Numeros23"/>
    <property name="os.arch" value="amd64"/>
    <property name="maven.multiModuleProjectDirectory" value="/home/alex/NetBeansProjects/Numeros23"/>
    <property name="java.vm.specification.name" value="Java Virtual Machine Specification"/>
    <property name="native.encoding" value="UTF-8"/>
    <property name="java.library.path" value="/usr/java/packages/lib:/usr/lib64:/lib64:/lib:/usr/lib"/>
    <property name="java.vm.info" value="mixed mode, sharing"/>
    <property name="stderr.encoding" value="UTF-8"/>
    <property name="java.vendor" value="Oracle Corporation"/>
    <property name="java.vm.version" value="21.0.8+12-LTS-250"/>
    <property name="classworlds.conf" value="/snap/netbeans/134/netbeans/java/maven/bin/m2.conf"/>
    <property name="sun.io.unicode.encoding" value="UnicodeLittle"/>
    <property name="library.jansi.path" value="/snap/netbeans/134/netbeans/java/maven/lib/jansi-native"/>
    <property name="java.class.version" value="65.0"/>
  </properties>
  <testcase name="testMayor2" classname="testnumeros23.Numeros23Test" time="0.112">
    <system-out><![CDATA[mayor2(2, 3) = 3
mayor2(10, 5) = 10
mayor2(-1, -5) = -1
]]></system-out>
  </testcase>
  <testcase name="testMayor3" classname="testnumeros23.Numeros23Test" time="0.006">
    <system-out><![CDATA[mayor3(2, 3, 1) = 3
mayor3(9, 5, 7) = 9
mayor3(-2, 0, -5) = 0
]]></system-out>
  </testcase>
  <testcase name="testMenor2" classname="testnumeros23.Numeros23Test" time="0.003">
    <system-out><![CDATA[menor2(2, 3) = 2
menor2(10, 5) = 5
menor2(-1, 7) = -1
]]></system-out>
  </testcase>
  <testcase name="testMenor3" classname="testnumeros23.Numeros23Test" time="0.006">
    <system-out><![CDATA[menor3(2, 3, 1) = 1
menor3(9, 5, 7) = 5
menor3(-2, 0, -5) = -5
]]></system-out>
  </testcase>
</testsuite>